<?xml version="1.0" encoding="UTF-8"?>
<!-- Generated by org.testng.reporters.JUnitReportReporter -->
<testsuite skipped="0" hostname="MAYANK" name="com.plateIQ.plateIQAssignment.roundTripBooking" tests="1" failures="0" timestamp="18 Jul 2019 14:51:07 GMT" time="28.036" errors="0">
  <testcase name="roundTripBooking" time="28.036" classname="com.plateIQ.plateIQAssignment.roundTripBooking"/>
</testsuite> <!-- com.plateIQ.plateIQAssignment.roundTripBooking -->
