<?xml version="1.0" encoding="UTF-8"?>
<!-- Generated by org.testng.reporters.JUnitReportReporter -->
<testsuite skipped="0" hostname="MAYANK" name="com.plateIQ.plateIQAssignment.LoginTestCase" tests="5" failures="0" timestamp="18 Jul 2019 14:51:07 GMT" time="223.152" errors="0">
  <testcase name="correctMobileNo" time="30.125" classname="com.plateIQ.plateIQAssignment.LoginTestCase"/>
  <testcase name="WorngEmail" time="42.141" classname="com.plateIQ.plateIQAssignment.LoginTestCase"/>
  <testcase name="LoginTestCase" time="50.276" classname="com.plateIQ.plateIQAssignment.LoginTestCase"/>
  <testcase name="BlankPassword" time="50.336" classname="com.plateIQ.plateIQAssignment.LoginTestCase"/>
  <testcase name="WrongPassword" time="50.274" classname="com.plateIQ.plateIQAssignment.LoginTestCase"/>
</testsuite> <!-- com.plateIQ.plateIQAssignment.LoginTestCase -->
