<?xml version="1.0" encoding="UTF-8"?>
<!-- Generated by org.testng.reporters.JUnitReportReporter -->
<testsuite skipped="0" hostname="DESKTOP-80DSDC5" name="com.plateIQ.plateIQAssignment.roundTripBooking" tests="1" failures="0" timestamp="15 Jul 2019 09:02:04 GMT" time="434.046" errors="0">
  <testcase name="roundTripBooking" time="434.046" classname="com.plateIQ.plateIQAssignment.roundTripBooking"/>
</testsuite> <!-- com.plateIQ.plateIQAssignment.roundTripBooking -->
